populations v2.54, executed 2021-04-29 20:06:22 (zlib-1.2.11)
/home/lepidodactylus/Documents/stacks/stacks-2.54/populations -V rgran_ref_noout_45s_33ael.vcf -O ./rgran_ref_noout_45s_33ael/Populations -M pops.txt -t 50
Locus/sample distributions will be written to './rgran_ref_noout_45s_33ael/Populations/rgran_ref_noout_45s_33ael.p.log.distribs'.
populations parameters selected:
  Input mode: VCF
  Percent samples limit per population: 0
  Locus Population limit: 1
  Percent samples overall: 0
  Minor allele frequency cutoff: 0
  Maximum observed heterozygosity cutoff: 1
  Applying Fst correction: none.
  Pi/Fis kernel smoothing: off
  Fstats kernel smoothing: off
  Bootstrap resampling: off

Parsing population map...
The population map contained 45 samples, 1 population(s), 1 group(s).
Opening the VCF file...
Warning: Of the samples listed in the population map, 3 could not be found in the VCF :Working on 42 samples.
Working on 1 population(s):
    granulosa: R_centralis_ENS11296, R_granulosa_MTR12027, R_granulosa_MTR12028, R_granulosa_MTR12059, R_granulosa_MTR12175, R_granulosa_MTR16052, 
               R_granulosa_MTR22936, R_granulosa_MTR22988, R_humbolti_ENS11089, R_humbolti_ENS11142, R_major_BM395, R_major_LSUMZH-15119, 
               R_major_LSUMZH-15120, R_major_LSUMZH-15121, R_major_LSUMZH-15122, R_merianae_LSUMZH-12458, R_merianae_LSUMZH-12483, R_merianae_LSUMZH-12484, 
               R_merianae_LSUMZH-12485, R_merianae_LSUMZH-12487, R_merianae_LSUMZH-12488, R_merianae_LSUMZH-12489, R_merianae_LSUMZH-12490, 
               R_merianae_LSUMZH-12492, R_merianae_MTR18590, R_merianae_MTR18593, R_merianae_MTR20519, R_merianae_MTR23148, R_mirandaribeiroi_AF713, 
               R_mirandaribeiroi_AF725, R_mirandaribeiroi_AF745, R_mirandaribeiroi_AF746, R_mirandaribeiroi_LAJ406, R_mirandaribeiroi_MRT2120, 
               R_mirandaribeiroi_MRT2716, R_mirandaribeiroi_MRT2917, R_mirandaribeiroi_MRT7135, R_mirandaribeiroi_MRT7142, R_mirandaribeiroi_MRT8997, 
               R_mirandaribeiroi_MTR26991, R_mirandaribeiroi_PHV2203, R_mirandaribeiroi_PHV4041
Working on 1 group(s) of populations:
    defaultgrp: granulosa

Raw haplotypes will be written to './rgran_ref_noout_45s_33ael/Populations/rgran_ref_noout_45s_33ael.p.haplotypes.tsv'
Population-level summary statistics will be written to './rgran_ref_noout_45s_33ael/Populations/rgran_ref_noout_45s_33ael.p.sumstats.tsv'
Population-level haplotype summary statistics will be written to './rgran_ref_noout_45s_33ael/Populations/rgran_ref_noout_45s_33ael.p.hapstats.tsv'

Processing data in batches:
  * load a batch of catalog loci and apply filters
  * compute SNP- and haplotype-wise per-population statistics
  * write the above statistics in the output files
  * export the genotypes/haplotypes in specified format(s)
More details in './rgran_ref_noout_45s_33ael/Populations/rgran_ref_noout_45s_33ael.p.log.distribs'.
Now processing...
ONZH01000051.1 
ONZH01000082.1 
ONZH01000127.1 
ONZH01000149.1 
ONZH01000265.1 
ONZH01000354.1 
ONZH01000452.1 
ONZH01000464.1 
ONZH01000521.1 
ONZH01000616.1 
ONZH01000699.1 
ONZH01000756.1 
ONZH01001064.1 
ONZH01001107.1 
ONZH01001167.1 
ONZH01001204.1 
ONZH01001207.1 
ONZH01001294.1 
ONZH01001301.1 
ONZH01001310.1 
ONZH01001318.1 
ONZH01001359.1 
ONZH01001500.1 
ONZH01001608.1 
ONZH01001716.1 
ONZH01001729.1 
ONZH01001749.1 
ONZH01001855.1 
ONZH01001959.1 
ONZH01001964.1 
ONZH01001985.1 
ONZH01002007.1 
ONZH01002077.1 
ONZH01002148.1 
ONZH01002188.1 
ONZH01002256.1 
ONZH01002336.1 
ONZH01002372.1 
ONZH01002391.1 
ONZH01002404.1 
ONZH01002442.1 
ONZH01002470.1 
ONZH01002486.1 
ONZH01002509.1 
ONZH01002631.1 
ONZH01002659.1 
ONZH01002714.1 
ONZH01002761.1 
ONZH01002813.1 
ONZH01002918.1 
ONZH01002940.1 
ONZH01003035.1 
ONZH01003078.1 
ONZH01003156.1 
ONZH01003265.1 
ONZH01003306.1 
ONZH01003341.1 
ONZH01003365.1 
ONZH01003399.1 
ONZH01003416.1 
ONZH01003471.1 
ONZH01003517.1 
ONZH01003608.1 
ONZH01003639.1 
ONZH01003689.1 
ONZH01003799.1 
ONZH01003864.1 
ONZH01003871.1 
ONZH01003912.1 
ONZH01004022.1 
ONZH01004085.1 
ONZH01004150.1 
ONZH01004164.1 
ONZH01004245.1 
ONZH01004272.1 
ONZH01004303.1 
ONZH01004358.1 
ONZH01004372.1 
ONZH01004394.1 
ONZH01004490.1 
ONZH01004579.1 
ONZH01004595.1 
ONZH01004654.1 
ONZH01004706.1 
ONZH01004796.1 
ONZH01005023.1 
ONZH01005064.1 
ONZH01005109.1 
ONZH01005188.1 
ONZH01005211.1 
ONZH01005248.1 
ONZH01005271.1 
ONZH01005398.1 
ONZH01005474.1 
ONZH01005577.1 
ONZH01005623.1 
ONZH01005637.1 
ONZH01005645.1 
ONZH01005664.1 
ONZH01005674.1 
ONZH01005777.1 
ONZH01005798.1 
ONZH01005852.1 
ONZH01005910.1 
ONZH01005924.1 
ONZH01005943.1 
ONZH01005955.1 
ONZH01006052.1 
ONZH01006109.1 
ONZH01006163.1 
ONZH01006181.1 
ONZH01006231.1 
ONZH01006285.1 
ONZH01006348.1 
ONZH01006411.1 
ONZH01006582.1 
ONZH01006640.1 
ONZH01006666.1 
ONZH01006786.1 
ONZH01006817.1 
ONZH01006855.1 
ONZH01006893.1 
ONZH01006915.1 
ONZH01006982.1 
ONZH01007029.1 
ONZH01007048.1 
ONZH01007079.1 
ONZH01007105.1 
ONZH01007159.1 
ONZH01007179.1 
ONZH01007191.1 
ONZH01007201.1 
ONZH01007215.1 
ONZH01007226.1 
ONZH01007278.1 
ONZH01007295.1 
ONZH01007367.1 
ONZH01007383.1 
ONZH01007447.1 
ONZH01007500.1 
ONZH01007537.1 
ONZH01007613.1 
ONZH01007626.1 
ONZH01007687.1 
ONZH01007781.1 
ONZH01007865.1 
ONZH01007924.1 
ONZH01007972.1 
ONZH01008000.1 
ONZH01008016.1 
ONZH01008082.1 
ONZH01008149.1 
ONZH01008201.1 
ONZH01008216.1 
ONZH01008342.1 
ONZH01008353.1 
ONZH01008395.1 
ONZH01008412.1 
ONZH01008435.1 
ONZH01008487.1 
ONZH01008499.1 
ONZH01008596.1 
ONZH01008600.1 
ONZH01008625.1 
ONZH01008666.1 
ONZH01008816.1 
ONZH01008868.1 
ONZH01008907.1 
ONZH01009011.1 
ONZH01009081.1 
ONZH01009100.1 
ONZH01009145.1 
ONZH01009188.1 
ONZH01009204.1 
ONZH01009270.1 
ONZH01009286.1 
ONZH01009327.1 
ONZH01009335.1 
ONZH01009388.1 
ONZH01009502.1 
ONZH01009513.1 
ONZH01009562.1 
ONZH01009668.1 
ONZH01009743.1 
ONZH01009784.1 
ONZH01009817.1 
ONZH01009869.1 
ONZH01009920.1 
ONZH01010040.1 
ONZH01010074.1 
ONZH01010088.1 
ONZH01010120.1 
ONZH01010338.1 
ONZH01010349.1 
ONZH01010482.1 
ONZH01010535.1 
ONZH01010545.1 
ONZH01010567.1 
ONZH01010580.1 
ONZH01010671.1 
ONZH01010739.1 
ONZH01010753.1 
ONZH01010772.1 
ONZH01010837.1 
ONZH01010896.1 
ONZH01010954.1 
ONZH01010978.1 
ONZH01011123.1 
ONZH01011197.1 
ONZH01011224.1 
ONZH01011249.1 
ONZH01011287.1 
ONZH01011294.1 
ONZH01011316.1 
ONZH01011391.1 
ONZH01011499.1 
ONZH01011506.1 
ONZH01011510.1 
ONZH01011576.1 
ONZH01011606.1 
ONZH01011689.1 
ONZH01011799.1 
ONZH01011877.1 
ONZH01011969.1 
ONZH01012131.1 
ONZH01012218.1 
ONZH01012288.1 
ONZH01012312.1 
ONZH01012444.1 
ONZH01012494.1 
ONZH01012635.1 
ONZH01012757.1 
ONZH01012843.1 
ONZH01012911.1 
ONZH01012986.1 
ONZH01013043.1 
ONZH01013080.1 
ONZH01013095.1 
ONZH01013103.1 
ONZH01013137.1 
ONZH01013165.1 
ONZH01013218.1 
ONZH01013239.1 
ONZH01013272.1 
ONZH01013283.1 
ONZH01013394.1 
ONZH01013427.1 
ONZH01013500.1 
ONZH01013605.1 
ONZH01013615.1 
ONZH01013631.1 
ONZH01013668.1 
ONZH01013819.1 
ONZH01013849.1 
ONZH01013893.1 
ONZH01014001.1 
ONZH01014106.1 
ONZH01014125.1 
ONZH01014159.1 
ONZH01014197.1 
ONZH01014251.1 
ONZH01014320.1 
ONZH01014403.1 
ONZH01014474.1 
ONZH01014531.1 
ONZH01014603.1 
ONZH01014625.1 
ONZH01014659.1 
ONZH01014678.1 
ONZH01014812.1 
ONZH01014852.1 
ONZH01014939.1 
ONZH01015011.1 
ONZH01015019.1 
ONZH01015048.1 
ONZH01015114.1 
ONZH01015131.1 
ONZH01015151.1 
ONZH01015179.1 
ONZH01015217.1 
ONZH01015227.1 
ONZH01015349.1 
ONZH01015380.1 
ONZH01015440.1 
ONZH01015516.1 
ONZH01015608.1 
ONZH01015657.1 
ONZH01015678.1 
ONZH01015697.1 
ONZH01015732.1 
ONZH01015745.1 
ONZH01015759.1 
ONZH01015807.1 
ONZH01015855.1 
ONZH01015890.1 
ONZH01015909.1 
ONZH01015974.1 
ONZH01016133.1 
ONZH01016141.1 
ONZH01016222.1 
ONZH01016284.1 
ONZH01016333.1 
ONZH01016450.1 
ONZH01016486.1 
ONZH01016531.1 
ONZH01016603.1 
ONZH01016608.1 
ONZH01016681.1 
ONZH01016775.1 
ONZH01016820.1 
ONZH01016858.1 
ONZH01016918.1 
ONZH01016928.1 
ONZH01016968.1 
ONZH01017064.1 
ONZH01017127.1 
ONZH01017168.1 
ONZH01017253.1 
ONZH01017299.1 
ONZH01017327.1 
ONZH01017356.1 
ONZH01017374.1 
ONZH01017396.1 
ONZH01017464.1 
ONZH01017498.1 
ONZH01017566.1 
ONZH01017618.1 
ONZH01017648.1 
ONZH01017715.1 
ONZH01017779.1 
ONZH01017785.1 
ONZH01017828.1 
ONZH01017859.1 
ONZH01017899.1 
ONZH01017912.1 
ONZH01017949.1 
ONZH01017985.1 
ONZH01017995.1 
ONZH01018025.1 
ONZH01018046.1 
ONZH01018076.1 
ONZH01018157.1 
ONZH01018195.1 
ONZH01018259.1 
ONZH01018350.1 
ONZH01018405.1 
ONZH01018409.1 
ONZH01018446.1 
ONZH01018494.1 
ONZH01018568.1 
ONZH01018623.1 
ONZH01018679.1 
ONZH01018717.1 
ONZH01018818.1 
ONZH01018934.1 
ONZH01019023.1 
ONZH01019039.1 
ONZH01019056.1 
ONZH01019084.1 
ONZH01019141.1 
ONZH01019150.1 
ONZH01019172.1 
ONZH01019202.1 
ONZH01019286.1 
ONZH01019298.1 
ONZH01019306.1 
ONZH01019367.1 
ONZH01019460.1 
ONZH01019515.1 
ONZH01019525.1 
ONZH01019536.1 
ONZH01019641.1 
ONZH01019696.1 
ONZH01019788.1 
ONZH01019852.1 
ONZH01019879.1 
ONZH01019913.1 
ONZH01019961.1 
ONZH01020031.1 
ONZH01020077.1 
ONZH01020101.1 
ONZH01020162.1 
ONZH01020181.1 
ONZH01020230.1 
ONZH01020285.1 
ONZH01020330.1 
ONZH01020354.1 
ONZH01020378.1 
ONZH01020388.1 
ONZH01020432.1 
ONZH01020454.1 
ONZH01020470.1 
ONZH01020495.1 
ONZH01020545.1 
ONZH01020594.1 
ONZH01020709.1 
ONZH01020757.1 
ONZH01020779.1 
ONZH01020789.1 
ONZH01020851.1 
ONZH01020898.1 
ONZH01020922.1 
ONZH01020927.1 
ONZH01020998.1 
ONZH01021016.1 
ONZH01021057.1 
ONZH01021119.1 
ONZH01021215.1 
ONZH01021251.1 
ONZH01021262.1 
ONZH01021464.1 
ONZH01021493.1 
ONZH01021517.1 
ONZH01021564.1 
ONZH01021662.1 
ONZH01021796.1 
ONZH01021837.1 
ONZH01021909.1 
ONZH01021943.1 
ONZH01021946.1 
ONZH01021997.1 
ONZH01022140.1 
ONZH01022150.1 
ONZH01022193.1 
ONZH01022218.1 
ONZH01022309.1 
ONZH01022315.1 
ONZH01022331.1 
ONZH01022339.1 
ONZH01022396.1 
ONZH01022424.1 
ONZH01022442.1 
ONZH01022547.1 
ONZH01022602.1 
ONZH01022653.1 
ONZH01022698.1 
ONZH01022745.1 
ONZH01022821.1 
ONZH01022838.1 
ONZH01022869.1 
ONZH01022947.1 
ONZH01022989.1 
ONZH01023001.1 
ONZH01023072.1 
ONZH01023096.1 
ONZH01023183.1 
ONZH01023261.1 
ONZH01023293.1 
ONZH01023384.1 
ONZH01023421.1 
ONZH01023430.1 
ONZH01023454.1 
ONZH01023507.1 
ONZH01023625.1 
ONZH01023693.1 
ONZH01023751.1 
ONZH01023798.1 
ONZH01023801.1 
ONZH01023850.1 
ONZH01023869.1 
ONZH01023915.1 
ONZH01023935.1 
ONZH01024010.1 
ONZH01024067.1 
ONZH01024111.1 
ONZH01024231.1 
ONZH01024353.1 
ONZH01024397.1 
ONZH01024433.1 
ONZH01024436.1 
ONZH01024471.1 
ONZH01024525.1 
ONZH01024576.1 
ONZH01024651.1 
ONZH01024675.1 
ONZH01024683.1 
ONZH01024728.1 
ONZH01024771.1 
ONZH01024818.1 
ONZH01024875.1 
ONZH01024898.1 
ONZH01024937.1 
ONZH01024985.1 
ONZH01025037.1 
ONZH01025120.1 
ONZH01025138.1 
ONZH01025172.1 
ONZH01025211.1 
ONZH01025249.1 
ONZH01025257.1 
ONZH01025296.1 
ONZH01025330.1 
ONZH01025392.1 
ONZH01025452.1 
ONZH01025470.1 
ONZH01025534.1 
ONZH01025619.1 
ONZH01025655.1 
ONZH01025684.1 
ONZH01025725.1 
ONZH01025737.1 
ONZH01025760.1 
ONZH01025772.1 
ONZH01025823.1 
ONZH01025875.1 
ONZH01025901.1 
ONZH01026046.1 
ONZH01026080.1 
ONZH01026166.1 
ONZH01026230.1 
ONZH01026274.1 
ONZH01026285.1 
ONZH01026310.1 
ONZH01026387.1 
ONZH01026469.1 
ONZH01026473.1 
ONZH01026480.1 
ONZH01026508.1 
ONZH01026518.1 
ONZH01026557.1 
ONZH01026585.1 
ONZH01026626.1 
ONZH01026714.1 
ONZH01026784.1 
ONZH01026877.1 
ONZH01026885.1 
ONZH01027022.1 
ONZH01027037.1 
ONZH01027047.1 
ONZH01027105.1 
ONZH01027170.1 
ONZH01027179.1 
ONZH01027211.1 
ONZH01027253.1 
ONZH01027288.1 
ONZH01027297.1 
ONZH01027361.1 
ONZH01027375.1 
ONZH01027454.1 
ONZH01027494.1 
ONZH01027526.1 
ONZH01027577.1 
ONZH01027592.1 
ONZH01027667.1 
ONZH01027697.1 
ONZH01027738.1 
ONZH01027762.1 
ONZH01027776.1 
ONZH01027817.1 
ONZH01027858.1 
ONZH01027885.1 
ONZH01027944.1 
ONZH01028003.1 
ONZH01028008.1 
ONZH01028061.1 
ONZH01028124.1 
ONZH01028159.1 
ONZH01028191.1 
ONZH01028224.1 
ONZH01028229.1 
ONZH01028255.1 
ONZH01028366.1 
ONZH01028406.1 
ONZH01028412.1 
ONZH01028423.1 
ONZH01028437.1 
ONZH01028472.1 
ONZH01028532.1 
ONZH01028651.1 
ONZH01028717.1 
ONZH01028819.1 
ONZH01028825.1 
ONZH01028855.1 
ONZH01028872.1 
ONZH01028877.1 
ONZH01028940.1 
ONZH01029040.1 
ONZH01029095.1 
ONZH01029100.1 
ONZH01029170.1 
ONZH01029245.1 
ONZH01029271.1 
ONZH01029306.1 
ONZH01029343.1 
ONZH01029365.1 
ONZH01029425.1 
ONZH01029486.1 
ONZH01029510.1 
ONZH01029550.1 
ONZH01029565.1 
ONZH01029598.1 
ONZH01029626.1 
ONZH01029696.1 
ONZH01029703.1 
ONZH01029759.1 
ONZH01029839.1 
ONZH01029873.1 
ONZH01029890.1 
ONZH01029911.1 
ONZH01029945.1 
ONZH01029981.1 
ONZH01030077.1 
ONZH01030100.1 
ONZH01030117.1 
ONZH01030191.1 
ONZH01030247.1 
ONZH01030308.1 
ONZH01030433.1 
ONZH01030436.1 
ONZH01030531.1 
ONZH01030586.1 
ONZH01030612.1 
ONZH01030699.1 
ONZH01030705.1 
ONZH01030821.1 
ONZH01030847.1 
ONZH01030869.1 
ONZH01030973.1 
ONZH01031048.1 
ONZH01031257.1 
ONZH01031383.1 
 
Found 1242 SNP records in file 'rgran_ref_noout_45s_33ael.vcf'. (Skipped 0 already filtered-out SNPs and 0 non-SNP records ; more with --verbose.)

Removed 0 loci that did not pass sample/population constraints from 1242 loci.
Kept 1242 loci, composed of 1242 sites; 0 of those sites were filtered, 1218 variant sites remained.
    1241 genomic sites, of which 0 were covered by multiple loci (0.0%).
Mean genotyped sites per locus: 1.00bp (stderr 0.00).

Population summary statistics (more detail in populations.sumstats_summary.tsv):
  granulosa: 29.587 samples per locus; pi: 0.29243; all/variant/polymorphic sites: 1241/1218/1218; private alleles: 0
Populations is done.
